
################################################################################
#
# This file has been generated by SpyGlass:
#     Report Name      : no_msg_reporting_rules
#     Report Created by: u105061255
#     Report Created on:  Mon Feb 17 09:56:32 2020
#     Working Directory: /home/u105/u105061255/yuanta/payload
#     SpyGlass Version : SpyGlass_vO-2018.09-SP2
#     Policy Name      : SpyGlass(SpyGlass_vO-2018.09-SP2)
#                        lint(SpyGlass_vO-2018.09-SP2)
#
#     Total Number of Generated Messages :          3
#     Number of Waived Messages          :          0
#     Number of Reported Messages        :          3
#     Number of Overlimit Messages       :          0
#
#
################################################################################

NO VIOLATION RULE REPORT :
++++++++++++++++++++++++++++++++++++++++++++++++++++++++++++++++++++++++++++++++

There are no rules which produce zero violation or completely waived off during spyglass run.

++++++++++++++++++++++++++++++++++++++++++++++++++++++++++++++++++++++++++++++++
