
################################################################################
#
# This file has been generated by SpyGlass:
#     Report Name      : moresimple
#     Report Created by: u105061255
#     Report Created on:  Mon Feb 17 09:56:27 2020
#     Working Directory: /home/u105/u105061255/yuanta/payload
#     SpyGlass Version : SpyGlass_vO-2018.09-SP2
#     Policy Name      : SpyGlass(SpyGlass_vO-2018.09-SP2)
#                        auto-verify(SpyGlass_vO-2018.09-SP2)
#
#     Total Number of Generated Messages :          2
#     Number of Waived Messages          :          0
#     Number of Reported Messages        :          2
#     Number of Overlimit Messages       :          0
#
#
################################################################################

+++++++++++++++++++++++++++++++++++++++++++++++++++++++++++++++++++++++
MORESIMPLE REPORT:
############### FATAL MESSAGES ############### 
+++++++++++++++++++++++++++++++++++++++++++++++++++++++++++++++++++++++++++++++++
ID       Rule            Alias    Severity    File    Line    Wt    Message
======================================================================================
[1]      Av_license01             FATAL       N.A.    0       2     'Functional Lint' not run due to unavailability of lint_func license feature
+++++++++++++++++++++++++++++++++++++++++++++++++++++++++++++++++++++++++++++++++++++++


############### BuiltIn -> RuleGroup=Command-line read ###############
+++++++++++++++++++++++++++++++++++++++++++++++++++++++++++++++++++++++++++++++++++++++
ID       Rule                     Alias          Severity    File    Line    Wt    Message
======================================================================================
[0]      checkCMD_unset_option    UnsetOption    Warning     N.A.    0       10    Option/Parameter 'enable_save_restore': Feature 'save-restore' is not supported with option 'policy=auto-verify'.Disabling all 'save-restore' related options
+++++++++++++++++++++++++++++++++++++++++++++++++++++++++++++++++++++++++++++++++++++++
