################################################################################
#
# This file has been generated by SpyGlass:
#     Report Created by: u105061255
#     Report Created on: Mon Feb 17 09:56:19 2020
#     Working Directory: /home/u105/u105061255/yuanta/payload
#     Report Location  : ./spyglass-1/lint/lint_turbo_rtl/spyglass_reports/lint/SignalUsageReport.rpt
#     SpyGlass Version : SpyGlass_vO-2018.09-SP2
#     Policy Name      : lint(SpyGlass_vO-2018.09-SP2)
#     Comment          : SignalUsageReport : It dumps details of violating bits of a signal

#
################################################################################



Module : payload(Hierarchy :payload)

W123 : Following Bits of signal 'checksum' (File Name: payload.v Line No.: 124) are read but not set
	[7:0]	

W123 : Following Bits of signal 'cm_id' (File Name: payload.v Line No.: 93) are read but not set
	[15:0]	

W123 : Following Bits of signal 'epoch_s' (File Name: payload.v Line No.: 88) are read but not set
	[31:0]	

W123 : Following Bits of signal 'fcm_id' (File Name: payload.v Line No.: 95) are read but not set
	[15:0]	

W123 : Following Bits of signal 'hdr_fcm_id' (File Name: payload.v Line No.: 91) are read but not set
	[15:0]	

W123 : Following Bits of signal 'ms' (File Name: payload.v Line No.: 89) are read but not set
	[15:0]	

W123 : Following Bits of signal 'ord_id' (File Name: payload.v Line No.: 101) are read but not set
	[31:0]	

W123 : Following Bits of signal 'order_source' (File Name: payload.v Line No.: 120) are read but not set
	[7:0]	

W123 : Following Bits of signal 'qty' (File Name: payload.v Line No.: 113) are read but not set
	[15:0]	

W123 : Following Bits of signal 'sym' (File Name: payload.v Line No.: 111) are read but not set
	[159:0]	

W123 : Following Bits of signal 'symbol_type' (File Name: payload.v Line No.: 110) are read but not set
	[7:0]	

W123 : Following Bits of signal 'info_source' (File Name: payload.v Line No.: 123) are read but not set
	[0][7:0]	[1][7:0]	[2][7:0]	

W123 : Following Bits of signal 'user_define' (File Name: payload.v Line No.: 109) are read but not set
	[0][7:0]	[1][7:0]	[2][7:0]	[3][7:0]	[4][7:0]	[5][7:0]	[6][7:0]	[7][7:0]	

W123 : Following Bits of signal 'order_no' (File Name: payload.v Line No.: 100) are read but not set
	[0][7:0]	[1][7:0]	[2][7:0]	[3][7:0]	[4][7:0]	


Module : payload(Hierarchy :payload)

W240 : Following Bits of signal 'epoch_time' (File Name: payload.v Line No.: 5) are not read
	[31:0]	

W240 : Following Bits of signal 'quantity' (File Name: payload.v Line No.: 8) are not read
	[15:0]	

W528 (Verilog) : There are no violations of the rule for multibit variables
